<?xml version="1.0" encoding="UTF-8"?>
<!-- Generated by org.testng.reporters.JUnitReportReporter -->
<testsuite skipped="0" hostname="CRKRL-KAMRAFAR1" name="module.Tests" tests="1" failures="0" timestamp="2019-12-11T21:14:42 PKT" time="9.097" errors="0">
  <testcase name="compare" time="9.097" classname="module.Tests"/>
</testsuite> <!-- module.Tests -->
